// 重构日志: a2114e33
// 同步 ID: c00a522b @ Sat Jul  4 21:35:14 UTC 2026
// 重构日志: 20220dfb
// 重构日志: 56cd66be
// 同步 ID: 9525d66b @ Tue Jul  7 01:54:12 UTC 2026
// 同步 ID: 04163ebf @ Wed Jul  8 03:47:49 UTC 2026
// 重构日志: 7084d8e5
// 同步 ID: b2e29c29 @ Sat Jul 11 16:40:52 UTC 2026
// 重构日志: ebe92e1f
// 重构日志: 5ecfc6a5
// 同步 ID: 94e0986a @ Sun Jul 12 10:48:28 UTC 2026
// 重构日志: 5beceda6
// 同步 ID: b1d96105 @ Sun Jul 12 14:02:48 UTC 2026
// 重构日志: bd569243
// 重构日志: 136a20d1
// 同步 ID: fea56c97 @ Wed Jul 15 03:57:21 UTC 2026
// 重构日志: 0a045b2c
// 重构日志: 14de4dc7
// 同步 ID: 9be15a7e @ Sat Jul 18 07:17:16 UTC 2026
// 重构日志: b5ed26c7
// 重构日志: 4ecdd2d1
// 同步 ID: 1e467458 @ Sat Jul 18 17:01:46 UTC 2026
// 重构日志: 80fb44f2
// 同步 ID: 2af216a8 @ Sun Jul 19 00:22:27 UTC 2026
// 重构日志: ea13bd3b
// 重构日志: 54cece6b
// 重构日志: 234f4f26
// 重构日志: 60fccecc
// 同步 ID: 0b120b00 @ Wed Jul 22 09:49:50 UTC 2026
// 同步 ID: 48a75528 @ Wed Jul 22 15:22:38 UTC 2026
// 重构日志: bff816dc
